[0.009s] Invoking command in '/home/isi_user/ws_ros/src/pkg_3/build/pkg_3': CMAKE_PREFIX_PATH=${CMAKE_PREFIX_PATH}:/home/isi_user/ws_ros/install/pkg_2:/opt/ros/humble /usr/bin/cmake /home/isi_user/ws_ros/src/pkg_3 -DCMAKE_INSTALL_PREFIX=/home/isi_user/ws_ros/src/pkg_3/install/pkg_3
[0.068s] -- The C compiler identification is GNU 11.4.0
[0.104s] -- The CXX compiler identification is GNU 11.4.0
[0.108s] -- Detecting C compiler ABI info
[0.154s] -- Detecting C compiler ABI info - done
[0.158s] -- Check for working C compiler: /usr/bin/cc - skipped
[0.158s] -- Detecting C compile features
[0.158s] -- Detecting C compile features - done
[0.160s] -- Detecting CXX compiler ABI info
[0.210s] -- Detecting CXX compiler ABI info - done
[0.214s] -- Check for working CXX compiler: /usr/bin/c++ - skipped
[0.214s] -- Detecting CXX compile features
[0.214s] -- Detecting CXX compile features - done
[0.216s] -- Found ament_cmake: 1.3.10 (/opt/ros/humble/share/ament_cmake/cmake)
[0.303s] -- Found Python3: /usr/bin/python3 (found version "3.10.12") found components: Interpreter 
[0.346s] -- Found rclcpp: 16.0.10 (/opt/ros/humble/share/rclcpp/cmake)
[0.363s] -- Found rosidl_generator_c: 3.1.5 (/opt/ros/humble/share/rosidl_generator_c/cmake)
[0.366s] -- Found rosidl_adapter: 3.1.5 (/opt/ros/humble/share/rosidl_adapter/cmake)
[0.369s] -- Found rosidl_generator_cpp: 3.1.5 (/opt/ros/humble/share/rosidl_generator_cpp/cmake)
[0.376s] -- Using all available rosidl_typesupport_c: rosidl_typesupport_fastrtps_c;rosidl_typesupport_introspection_c
[0.383s] -- Using all available rosidl_typesupport_cpp: rosidl_typesupport_fastrtps_cpp;rosidl_typesupport_introspection_cpp
[0.404s] -- Found rmw_implementation_cmake: 6.1.2 (/opt/ros/humble/share/rmw_implementation_cmake/cmake)
[0.405s] -- Found rmw_fastrtps_cpp: 6.2.7 (/opt/ros/humble/share/rmw_fastrtps_cpp/cmake)
[0.454s] -- Found OpenSSL: /usr/lib/x86_64-linux-gnu/libcrypto.so (found version "3.0.2")  
[0.466s] -- Found FastRTPS: /opt/ros/humble/include  
[0.487s] -- Using RMW implementation 'rmw_fastrtps_cpp' as default
[0.494s] -- Looking for pthread.h
[0.556s] -- Looking for pthread.h - found
[0.556s] -- Performing Test CMAKE_HAVE_LIBC_PTHREAD
[0.604s] -- Performing Test CMAKE_HAVE_LIBC_PTHREAD - Success
[0.605s] -- Found Threads: TRUE  
[0.630s] -- Found q2_interfaces: 0.0.1 (/home/isi_user/ws_ros/install/q2_interfaces/share/q2_interfaces/cmake)
[0.637s] -- Found rclcpp_action: 16.0.10 (/opt/ros/humble/share/rclcpp_action/cmake)
[0.659s] -- Found ament_lint_auto: 0.12.11 (/opt/ros/humble/share/ament_lint_auto/cmake)
[0.701s] -- Added test 'cppcheck' to perform static code analysis on C / C++ code
[0.701s] -- Configured cppcheck include dirs: $<BUILD_INTERFACE:/home/isi_user/ws_ros/src/pkg_3/include>
[0.701s] -- Configured cppcheck exclude dirs and/or files: 
[0.702s] -- Added test 'lint_cmake' to check CMake code style
[0.704s] -- Added test 'uncrustify' to check C / C++ code style
[0.704s] -- Configured uncrustify additional arguments: 
[0.705s] -- Added test 'xmllint' to check XML markup files
[0.705s] -- Configuring done
[0.712s] -- Generating done
[0.713s] -- Build files have been written to: /home/isi_user/ws_ros/src/pkg_3/build/pkg_3
[0.719s] Invoked command in '/home/isi_user/ws_ros/src/pkg_3/build/pkg_3' returned '0': CMAKE_PREFIX_PATH=${CMAKE_PREFIX_PATH}:/home/isi_user/ws_ros/install/pkg_2:/opt/ros/humble /usr/bin/cmake /home/isi_user/ws_ros/src/pkg_3 -DCMAKE_INSTALL_PREFIX=/home/isi_user/ws_ros/src/pkg_3/install/pkg_3
[0.719s] Invoking command in '/home/isi_user/ws_ros/src/pkg_3/build/pkg_3': CMAKE_PREFIX_PATH=${CMAKE_PREFIX_PATH}:/home/isi_user/ws_ros/install/pkg_2:/opt/ros/humble /usr/bin/cmake --build /home/isi_user/ws_ros/src/pkg_3/build/pkg_3 -- -j20 -l20
[0.753s] [ 50%] [32mBuilding CXX object CMakeFiles/prime_numbers.dir/src/prime_numbers.cpp.o[0m
[0.774s] [100%] [32m[1mLinking CXX executable prime_numbers[0m
[0.822s] [100%] Built target prime_numbers
[0.831s] Invoked command in '/home/isi_user/ws_ros/src/pkg_3/build/pkg_3' returned '0': CMAKE_PREFIX_PATH=${CMAKE_PREFIX_PATH}:/home/isi_user/ws_ros/install/pkg_2:/opt/ros/humble /usr/bin/cmake --build /home/isi_user/ws_ros/src/pkg_3/build/pkg_3 -- -j20 -l20
[0.853s] Invoking command in '/home/isi_user/ws_ros/src/pkg_3/build/pkg_3': CMAKE_PREFIX_PATH=${CMAKE_PREFIX_PATH}:/home/isi_user/ws_ros/install/pkg_2:/opt/ros/humble /usr/bin/cmake --install /home/isi_user/ws_ros/src/pkg_3/build/pkg_3
[0.857s] -- Install configuration: ""
[0.857s] -- Installing: /home/isi_user/ws_ros/src/pkg_3/install/pkg_3/lib/pkg_3/prime_numbers
[0.857s] -- Set runtime path of "/home/isi_user/ws_ros/src/pkg_3/install/pkg_3/lib/pkg_3/prime_numbers" to ""
[0.857s] -- Installing: /home/isi_user/ws_ros/src/pkg_3/install/pkg_3/share/ament_index/resource_index/package_run_dependencies/pkg_3
[0.857s] -- Installing: /home/isi_user/ws_ros/src/pkg_3/install/pkg_3/share/ament_index/resource_index/parent_prefix_path/pkg_3
[0.857s] -- Installing: /home/isi_user/ws_ros/src/pkg_3/install/pkg_3/share/pkg_3/environment/ament_prefix_path.sh
[0.857s] -- Installing: /home/isi_user/ws_ros/src/pkg_3/install/pkg_3/share/pkg_3/environment/ament_prefix_path.dsv
[0.857s] -- Installing: /home/isi_user/ws_ros/src/pkg_3/install/pkg_3/share/pkg_3/environment/path.sh
[0.857s] -- Installing: /home/isi_user/ws_ros/src/pkg_3/install/pkg_3/share/pkg_3/environment/path.dsv
[0.858s] -- Installing: /home/isi_user/ws_ros/src/pkg_3/install/pkg_3/share/pkg_3/local_setup.bash
[0.858s] -- Installing: /home/isi_user/ws_ros/src/pkg_3/install/pkg_3/share/pkg_3/local_setup.sh
[0.858s] -- Installing: /home/isi_user/ws_ros/src/pkg_3/install/pkg_3/share/pkg_3/local_setup.zsh
[0.858s] -- Installing: /home/isi_user/ws_ros/src/pkg_3/install/pkg_3/share/pkg_3/local_setup.dsv
[0.858s] -- Installing: /home/isi_user/ws_ros/src/pkg_3/install/pkg_3/share/pkg_3/package.dsv
[0.858s] -- Installing: /home/isi_user/ws_ros/src/pkg_3/install/pkg_3/share/ament_index/resource_index/packages/pkg_3
[0.858s] -- Installing: /home/isi_user/ws_ros/src/pkg_3/install/pkg_3/share/pkg_3/cmake/pkg_3Config.cmake
[0.858s] -- Installing: /home/isi_user/ws_ros/src/pkg_3/install/pkg_3/share/pkg_3/cmake/pkg_3Config-version.cmake
[0.858s] -- Installing: /home/isi_user/ws_ros/src/pkg_3/install/pkg_3/share/pkg_3/package.xml
[0.859s] Invoked command in '/home/isi_user/ws_ros/src/pkg_3/build/pkg_3' returned '0': CMAKE_PREFIX_PATH=${CMAKE_PREFIX_PATH}:/home/isi_user/ws_ros/install/pkg_2:/opt/ros/humble /usr/bin/cmake --install /home/isi_user/ws_ros/src/pkg_3/build/pkg_3
