[0.050s] DEBUG:colcon:Command line arguments: ['/usr/bin/colcon', 'build']
[0.050s] DEBUG:colcon:Parsed command line arguments: Namespace(log_base=None, log_level=None, verb_name='build', build_base='build', install_base='install', merge_install=False, symlink_install=False, test_result_base=None, continue_on_error=False, executor='parallel', parallel_workers=20, event_handlers=None, ignore_user_meta=False, metas=['./colcon.meta'], base_paths=['.'], packages_ignore=None, packages_ignore_regex=None, paths=None, packages_up_to=None, packages_up_to_regex=None, packages_above=None, packages_above_and_dependencies=None, packages_above_depth=None, packages_select_by_dep=None, packages_skip_by_dep=None, packages_skip_up_to=None, packages_select_build_failed=False, packages_skip_build_finished=False, packages_select_test_failures=False, packages_skip_test_passed=False, packages_select=None, packages_skip=None, packages_select_regex=None, packages_skip_regex=None, packages_start=None, packages_end=None, allow_overriding=[], cmake_args=None, cmake_target=None, cmake_target_skip_unavailable=False, cmake_clean_cache=False, cmake_clean_first=False, cmake_force_configure=False, ament_cmake_args=None, catkin_cmake_args=None, catkin_skip_building_tests=False, mixin_files=None, mixin=None, verb_parser=<colcon_mixin.mixin.mixin_argument.MixinArgumentDecorator object at 0x783d78ef3a00>, verb_extension=<colcon_core.verb.build.BuildVerb object at 0x783d78ef3490>, main=<bound method BuildVerb.main of <colcon_core.verb.build.BuildVerb object at 0x783d78ef3490>>, mixin_verb=('build',))
[0.108s] Level 1:colcon.colcon_core.package_discovery:discover_packages(colcon_meta) check parameters
[0.108s] Level 1:colcon.colcon_core.package_discovery:discover_packages(recursive) check parameters
[0.108s] Level 1:colcon.colcon_core.package_discovery:discover_packages(ignore) check parameters
[0.108s] Level 1:colcon.colcon_core.package_discovery:discover_packages(path) check parameters
[0.108s] Level 1:colcon.colcon_core.package_discovery:discover_packages(colcon_meta) discover
[0.108s] Level 1:colcon.colcon_core.package_discovery:discover_packages(recursive) discover
[0.108s] INFO:colcon.colcon_core.package_discovery:Crawling recursively for packages in '/home/isi_user/ws_ros/src/pkg_3'
[0.108s] Level 1:colcon.colcon_core.package_identification:_identify(.) by extensions ['ignore', 'ignore_ament_install']
[0.109s] Level 1:colcon.colcon_core.package_identification:_identify(.) by extension 'ignore'
[0.109s] Level 1:colcon.colcon_core.package_identification:_identify(.) by extension 'ignore_ament_install'
[0.109s] Level 1:colcon.colcon_core.package_identification:_identify(.) by extensions ['colcon_pkg']
[0.109s] Level 1:colcon.colcon_core.package_identification:_identify(.) by extension 'colcon_pkg'
[0.109s] Level 1:colcon.colcon_core.package_identification:_identify(.) by extensions ['colcon_meta']
[0.109s] Level 1:colcon.colcon_core.package_identification:_identify(.) by extension 'colcon_meta'
[0.109s] Level 1:colcon.colcon_core.package_identification:_identify(.) by extensions ['ros']
[0.109s] Level 1:colcon.colcon_core.package_identification:_identify(.) by extension 'ros'
[0.115s] DEBUG:colcon.colcon_core.package_identification:Package '.' with type 'ros.ament_cmake' and name 'pkg_3'
[0.115s] Level 1:colcon.colcon_core.package_discovery:discover_packages(recursive) using defaults
[0.115s] Level 1:colcon.colcon_core.package_discovery:discover_packages(ignore) discover
[0.115s] Level 1:colcon.colcon_core.package_discovery:discover_packages(ignore) using defaults
[0.115s] Level 1:colcon.colcon_core.package_discovery:discover_packages(path) discover
[0.115s] Level 1:colcon.colcon_core.package_discovery:discover_packages(path) using defaults
[0.126s] Level 1:colcon.colcon_core.package_discovery:discover_packages(prefix_path) check parameters
[0.126s] Level 1:colcon.colcon_core.package_discovery:discover_packages(prefix_path) discover
[0.126s] DEBUG:colcon.colcon_installed_package_information.package_discovery:Found 3 installed packages in /home/isi_user/ws_ros/install
[0.127s] DEBUG:colcon.colcon_installed_package_information.package_discovery:Found 202 installed packages in /opt/ros/humble
[0.127s] Level 1:colcon.colcon_core.package_discovery:discover_packages(prefix_path) using defaults
[0.140s] Level 5:colcon.colcon_core.verb:set package 'pkg_3' build argument 'cmake_args' from command line to 'None'
[0.140s] Level 5:colcon.colcon_core.verb:set package 'pkg_3' build argument 'cmake_target' from command line to 'None'
[0.140s] Level 5:colcon.colcon_core.verb:set package 'pkg_3' build argument 'cmake_target_skip_unavailable' from command line to 'False'
[0.140s] Level 5:colcon.colcon_core.verb:set package 'pkg_3' build argument 'cmake_clean_cache' from command line to 'False'
[0.140s] Level 5:colcon.colcon_core.verb:set package 'pkg_3' build argument 'cmake_clean_first' from command line to 'False'
[0.140s] Level 5:colcon.colcon_core.verb:set package 'pkg_3' build argument 'cmake_force_configure' from command line to 'False'
[0.140s] Level 5:colcon.colcon_core.verb:set package 'pkg_3' build argument 'ament_cmake_args' from command line to 'None'
[0.140s] Level 5:colcon.colcon_core.verb:set package 'pkg_3' build argument 'catkin_cmake_args' from command line to 'None'
[0.140s] Level 5:colcon.colcon_core.verb:set package 'pkg_3' build argument 'catkin_skip_building_tests' from command line to 'False'
[0.140s] DEBUG:colcon.colcon_core.verb:Building package 'pkg_3' with the following arguments: {'ament_cmake_args': None, 'build_base': '/home/isi_user/ws_ros/src/pkg_3/build/pkg_3', 'catkin_cmake_args': None, 'catkin_skip_building_tests': False, 'cmake_args': None, 'cmake_clean_cache': False, 'cmake_clean_first': False, 'cmake_force_configure': False, 'cmake_target': None, 'cmake_target_skip_unavailable': False, 'install_base': '/home/isi_user/ws_ros/src/pkg_3/install/pkg_3', 'merge_install': False, 'path': '/home/isi_user/ws_ros/src/pkg_3', 'symlink_install': False, 'test_result_base': None}
[0.140s] INFO:colcon.colcon_core.executor:Executing jobs using 'parallel' executor
[0.141s] DEBUG:colcon.colcon_parallel_executor.executor.parallel:run_until_complete
[0.141s] INFO:colcon.colcon_ros.task.ament_cmake.build:Building ROS package in '/home/isi_user/ws_ros/src/pkg_3' with build type 'ament_cmake'
[0.141s] INFO:colcon.colcon_cmake.task.cmake.build:Building CMake package in '/home/isi_user/ws_ros/src/pkg_3'
[0.142s] INFO:colcon.colcon_core.plugin_system:Skipping extension 'colcon_core.shell.bat': Not used on non-Windows systems
[0.142s] INFO:colcon.colcon_core.shell:Skip shell extension 'powershell' for command environment: Not usable outside of PowerShell
[0.142s] DEBUG:colcon.colcon_core.shell:Skip shell extension 'dsv' for command environment
[0.150s] DEBUG:colcon.colcon_core.event_handler.log_command:Invoking command in '/home/isi_user/ws_ros/src/pkg_3/build/pkg_3': CMAKE_PREFIX_PATH=${CMAKE_PREFIX_PATH}:/home/isi_user/ws_ros/install/pkg_2:/opt/ros/humble /usr/bin/cmake /home/isi_user/ws_ros/src/pkg_3 -DCMAKE_INSTALL_PREFIX=/home/isi_user/ws_ros/src/pkg_3/install/pkg_3
[0.860s] DEBUG:colcon.colcon_core.event_handler.log_command:Invoked command in '/home/isi_user/ws_ros/src/pkg_3/build/pkg_3' returned '0': CMAKE_PREFIX_PATH=${CMAKE_PREFIX_PATH}:/home/isi_user/ws_ros/install/pkg_2:/opt/ros/humble /usr/bin/cmake /home/isi_user/ws_ros/src/pkg_3 -DCMAKE_INSTALL_PREFIX=/home/isi_user/ws_ros/src/pkg_3/install/pkg_3
[0.860s] DEBUG:colcon.colcon_core.event_handler.log_command:Invoking command in '/home/isi_user/ws_ros/src/pkg_3/build/pkg_3': CMAKE_PREFIX_PATH=${CMAKE_PREFIX_PATH}:/home/isi_user/ws_ros/install/pkg_2:/opt/ros/humble /usr/bin/cmake --build /home/isi_user/ws_ros/src/pkg_3/build/pkg_3 -- -j20 -l20
[0.972s] DEBUG:colcon.colcon_core.event_handler.log_command:Invoked command in '/home/isi_user/ws_ros/src/pkg_3/build/pkg_3' returned '0': CMAKE_PREFIX_PATH=${CMAKE_PREFIX_PATH}:/home/isi_user/ws_ros/install/pkg_2:/opt/ros/humble /usr/bin/cmake --build /home/isi_user/ws_ros/src/pkg_3/build/pkg_3 -- -j20 -l20
[0.994s] DEBUG:colcon.colcon_core.event_handler.log_command:Invoking command in '/home/isi_user/ws_ros/src/pkg_3/build/pkg_3': CMAKE_PREFIX_PATH=${CMAKE_PREFIX_PATH}:/home/isi_user/ws_ros/install/pkg_2:/opt/ros/humble /usr/bin/cmake --install /home/isi_user/ws_ros/src/pkg_3/build/pkg_3
[1.000s] Level 1:colcon.colcon_core.environment:create_environment_scripts_only(pkg_3)
[1.000s] DEBUG:colcon.colcon_core.event_handler.log_command:Invoked command in '/home/isi_user/ws_ros/src/pkg_3/build/pkg_3' returned '0': CMAKE_PREFIX_PATH=${CMAKE_PREFIX_PATH}:/home/isi_user/ws_ros/install/pkg_2:/opt/ros/humble /usr/bin/cmake --install /home/isi_user/ws_ros/src/pkg_3/build/pkg_3
[1.001s] Level 1:colcon.colcon_core.environment:checking '/home/isi_user/ws_ros/src/pkg_3/install/pkg_3' for CMake module files
[1.001s] Level 1:colcon.colcon_core.environment:checking '/home/isi_user/ws_ros/src/pkg_3/install/pkg_3' for CMake config files
[1.001s] Level 1:colcon.colcon_core.shell:create_environment_hook('pkg_3', 'cmake_prefix_path')
[1.001s] INFO:colcon.colcon_core.shell:Creating environment hook '/home/isi_user/ws_ros/src/pkg_3/install/pkg_3/share/pkg_3/hook/cmake_prefix_path.ps1'
[1.002s] INFO:colcon.colcon_core.shell:Creating environment descriptor '/home/isi_user/ws_ros/src/pkg_3/install/pkg_3/share/pkg_3/hook/cmake_prefix_path.dsv'
[1.002s] INFO:colcon.colcon_core.shell:Creating environment hook '/home/isi_user/ws_ros/src/pkg_3/install/pkg_3/share/pkg_3/hook/cmake_prefix_path.sh'
[1.002s] Level 1:colcon.colcon_core.environment:checking '/home/isi_user/ws_ros/src/pkg_3/install/pkg_3/lib'
[1.002s] Level 1:colcon.colcon_core.environment:checking '/home/isi_user/ws_ros/src/pkg_3/install/pkg_3/bin'
[1.002s] Level 1:colcon.colcon_core.environment:checking '/home/isi_user/ws_ros/src/pkg_3/install/pkg_3/lib/pkgconfig/pkg_3.pc'
[1.003s] Level 1:colcon.colcon_core.environment:checking '/home/isi_user/ws_ros/src/pkg_3/install/pkg_3/lib/python3.10/site-packages'
[1.003s] Level 1:colcon.colcon_core.environment:checking '/home/isi_user/ws_ros/src/pkg_3/install/pkg_3/bin'
[1.003s] INFO:colcon.colcon_core.shell:Creating package script '/home/isi_user/ws_ros/src/pkg_3/install/pkg_3/share/pkg_3/package.ps1'
[1.003s] INFO:colcon.colcon_core.shell:Creating package descriptor '/home/isi_user/ws_ros/src/pkg_3/install/pkg_3/share/pkg_3/package.dsv'
[1.003s] INFO:colcon.colcon_core.shell:Creating package script '/home/isi_user/ws_ros/src/pkg_3/install/pkg_3/share/pkg_3/package.sh'
[1.004s] INFO:colcon.colcon_core.shell:Creating package script '/home/isi_user/ws_ros/src/pkg_3/install/pkg_3/share/pkg_3/package.bash'
[1.004s] INFO:colcon.colcon_core.shell:Creating package script '/home/isi_user/ws_ros/src/pkg_3/install/pkg_3/share/pkg_3/package.zsh'
[1.004s] Level 1:colcon.colcon_core.environment:create_file_with_runtime_dependencies(/home/isi_user/ws_ros/src/pkg_3/install/pkg_3/share/colcon-core/packages/pkg_3)
[1.023s] Level 1:colcon.colcon_core.environment:create_environment_scripts_only(pkg_3)
[1.023s] Level 1:colcon.colcon_core.environment:checking '/home/isi_user/ws_ros/src/pkg_3/install/pkg_3' for CMake module files
[1.023s] Level 1:colcon.colcon_core.environment:checking '/home/isi_user/ws_ros/src/pkg_3/install/pkg_3' for CMake config files
[1.024s] Level 1:colcon.colcon_core.shell:create_environment_hook('pkg_3', 'cmake_prefix_path')
[1.024s] INFO:colcon.colcon_core.shell:Creating environment hook '/home/isi_user/ws_ros/src/pkg_3/install/pkg_3/share/pkg_3/hook/cmake_prefix_path.ps1'
[1.024s] INFO:colcon.colcon_core.shell:Creating environment descriptor '/home/isi_user/ws_ros/src/pkg_3/install/pkg_3/share/pkg_3/hook/cmake_prefix_path.dsv'
[1.024s] INFO:colcon.colcon_core.shell:Creating environment hook '/home/isi_user/ws_ros/src/pkg_3/install/pkg_3/share/pkg_3/hook/cmake_prefix_path.sh'
[1.024s] Level 1:colcon.colcon_core.environment:checking '/home/isi_user/ws_ros/src/pkg_3/install/pkg_3/lib'
[1.024s] Level 1:colcon.colcon_core.environment:checking '/home/isi_user/ws_ros/src/pkg_3/install/pkg_3/bin'
[1.024s] Level 1:colcon.colcon_core.environment:checking '/home/isi_user/ws_ros/src/pkg_3/install/pkg_3/lib/pkgconfig/pkg_3.pc'
[1.024s] Level 1:colcon.colcon_core.environment:checking '/home/isi_user/ws_ros/src/pkg_3/install/pkg_3/lib/python3.10/site-packages'
[1.025s] Level 1:colcon.colcon_core.environment:checking '/home/isi_user/ws_ros/src/pkg_3/install/pkg_3/bin'
[1.025s] INFO:colcon.colcon_core.shell:Creating package script '/home/isi_user/ws_ros/src/pkg_3/install/pkg_3/share/pkg_3/package.ps1'
[1.025s] INFO:colcon.colcon_core.shell:Creating package descriptor '/home/isi_user/ws_ros/src/pkg_3/install/pkg_3/share/pkg_3/package.dsv'
[1.025s] INFO:colcon.colcon_core.shell:Creating package script '/home/isi_user/ws_ros/src/pkg_3/install/pkg_3/share/pkg_3/package.sh'
[1.025s] INFO:colcon.colcon_core.shell:Creating package script '/home/isi_user/ws_ros/src/pkg_3/install/pkg_3/share/pkg_3/package.bash'
[1.025s] INFO:colcon.colcon_core.shell:Creating package script '/home/isi_user/ws_ros/src/pkg_3/install/pkg_3/share/pkg_3/package.zsh'
[1.026s] Level 1:colcon.colcon_core.environment:create_file_with_runtime_dependencies(/home/isi_user/ws_ros/src/pkg_3/install/pkg_3/share/colcon-core/packages/pkg_3)
[1.026s] DEBUG:colcon.colcon_parallel_executor.executor.parallel:closing loop
[1.026s] DEBUG:colcon.colcon_parallel_executor.executor.parallel:loop closed
[1.026s] DEBUG:colcon.colcon_parallel_executor.executor.parallel:run_until_complete finished with '0'
[1.026s] DEBUG:colcon.colcon_core.event_reactor:joining thread
[1.029s] INFO:colcon.colcon_core.plugin_system:Skipping extension 'colcon_notification.desktop_notification.notify_send': Could not find 'notify-send'
[1.029s] INFO:colcon.colcon_core.plugin_system:Skipping extension 'colcon_notification.desktop_notification.terminal_notifier': Not used on non-Darwin systems
[1.029s] INFO:colcon.colcon_core.plugin_system:Skipping extension 'colcon_notification.desktop_notification.win32': Not used on non-Windows systems
[1.029s] INFO:colcon.colcon_notification.desktop_notification:Sending desktop notification using 'notify2'
[1.030s] DEBUG:colcon.colcon_notification.desktop_notification.notify2:Failed to initialize notify2: org.freedesktop.DBus.Error.Spawn.ExecFailed: /usr/bin/dbus-launch terminated abnormally without any error message
[1.030s] DEBUG:colcon.colcon_core.event_reactor:joined thread
[1.031s] INFO:colcon.colcon_core.shell:Creating prefix script '/home/isi_user/ws_ros/src/pkg_3/install/local_setup.ps1'
[1.031s] INFO:colcon.colcon_core.shell:Creating prefix util module '/home/isi_user/ws_ros/src/pkg_3/install/_local_setup_util_ps1.py'
[1.032s] INFO:colcon.colcon_core.shell:Creating prefix chain script '/home/isi_user/ws_ros/src/pkg_3/install/setup.ps1'
[1.032s] INFO:colcon.colcon_core.shell:Creating prefix script '/home/isi_user/ws_ros/src/pkg_3/install/local_setup.sh'
[1.033s] INFO:colcon.colcon_core.shell:Creating prefix util module '/home/isi_user/ws_ros/src/pkg_3/install/_local_setup_util_sh.py'
[1.033s] INFO:colcon.colcon_core.shell:Creating prefix chain script '/home/isi_user/ws_ros/src/pkg_3/install/setup.sh'
[1.033s] INFO:colcon.colcon_core.shell:Creating prefix script '/home/isi_user/ws_ros/src/pkg_3/install/local_setup.bash'
[1.034s] INFO:colcon.colcon_core.shell:Creating prefix chain script '/home/isi_user/ws_ros/src/pkg_3/install/setup.bash'
[1.034s] INFO:colcon.colcon_core.shell:Creating prefix script '/home/isi_user/ws_ros/src/pkg_3/install/local_setup.zsh'
[1.034s] INFO:colcon.colcon_core.shell:Creating prefix chain script '/home/isi_user/ws_ros/src/pkg_3/install/setup.zsh'
